X:\j\hooks\gethooks\vs\Debug MSVCRT\cl.command.1.tlog
X:\j\hooks\gethooks\vs\Debug MSVCRT\CL.read.1.tlog
X:\j\hooks\gethooks\vs\Debug MSVCRT\CL.write.1.tlog
X:\J\HOOKS\GETHOOKS\VS\DEBUG MSVCRT\CONFIG.OBJ
X:\J\HOOKS\GETHOOKS\VS\DEBUG MSVCRT\DEBUG.OBJ
X:\J\HOOKS\GETHOOKS\VS\DEBUG MSVCRT\DESKTOP.OBJ
X:\J\HOOKS\GETHOOKS\VS\DEBUG MSVCRT\DESKTOP_HOOK.OBJ
X:\J\HOOKS\GETHOOKS\VS\DEBUG MSVCRT\DIFF.OBJ
X:\J\HOOKS\GETHOOKS\VS\DEBUG MSVCRT\GETHOOKS.EXE
X:\J\HOOKS\GETHOOKS\VS\DEBUG MSVCRT\GETHOOKS.EXE.EMBED.MANIFEST
X:\J\HOOKS\GETHOOKS\VS\DEBUG MSVCRT\GETHOOKS.EXE.EMBED.MANIFEST.RES
X:\J\HOOKS\GETHOOKS\VS\DEBUG MSVCRT\GETHOOKS.EXE.INTERMEDIATE.MANIFEST
X:\J\HOOKS\GETHOOKS\VS\DEBUG MSVCRT\GETHOOKS.ILK
X:\J\HOOKS\GETHOOKS\VS\DEBUG MSVCRT\GETHOOKS.PDB
X:\j\hooks\gethooks\vs\Debug MSVCRT\GetHooks_manifest.rc
X:\J\HOOKS\GETHOOKS\VS\DEBUG MSVCRT\GLOBAL.OBJ
X:\j\hooks\gethooks\vs\Debug MSVCRT\link.29128.read.1.tlog
X:\j\hooks\gethooks\vs\Debug MSVCRT\link.29128.write.1.tlog
X:\j\hooks\gethooks\vs\Debug MSVCRT\link.29128-cvtres.read.1.tlog
X:\j\hooks\gethooks\vs\Debug MSVCRT\link.29128-cvtres.write.1.tlog
X:\j\hooks\gethooks\vs\Debug MSVCRT\link.29560.read.1.tlog
X:\j\hooks\gethooks\vs\Debug MSVCRT\link.29560.write.1.tlog
X:\j\hooks\gethooks\vs\Debug MSVCRT\link.29560-cvtres.read.1.tlog
X:\j\hooks\gethooks\vs\Debug MSVCRT\link.29560-cvtres.write.1.tlog
X:\j\hooks\gethooks\vs\Debug MSVCRT\link.command.1.tlog
X:\j\hooks\gethooks\vs\Debug MSVCRT\link.read.1.tlog
X:\j\hooks\gethooks\vs\Debug MSVCRT\link.write.1.tlog
X:\j\hooks\gethooks\vs\Debug MSVCRT\link-cvtres.read.1.tlog
X:\j\hooks\gethooks\vs\Debug MSVCRT\link-cvtres.write.1.tlog
X:\J\HOOKS\GETHOOKS\VS\DEBUG MSVCRT\LIST.OBJ
X:\J\HOOKS\GETHOOKS\VS\DEBUG MSVCRT\MAIN.OBJ
X:\j\hooks\gethooks\vs\Debug MSVCRT\mt.command.1.tlog
X:\j\hooks\gethooks\vs\Debug MSVCRT\mt.read.1.tlog
X:\j\hooks\gethooks\vs\Debug MSVCRT\mt.write.1.tlog
X:\J\HOOKS\GETHOOKS\VS\DEBUG MSVCRT\PROG.OBJ
X:\j\hooks\gethooks\vs\Debug MSVCRT\rc.command.1.tlog
X:\j\hooks\gethooks\vs\Debug MSVCRT\rc.read.1.tlog
X:\j\hooks\gethooks\vs\Debug MSVCRT\rc.write.1.tlog
X:\J\HOOKS\GETHOOKS\VS\DEBUG MSVCRT\REACTOS.OBJ
X:\J\HOOKS\GETHOOKS\VS\DEBUG MSVCRT\SNAPSHOT.OBJ
X:\J\HOOKS\GETHOOKS\VS\DEBUG MSVCRT\STR_TO_INT.OBJ
X:\J\HOOKS\GETHOOKS\VS\DEBUG MSVCRT\TEST.OBJ
X:\J\HOOKS\GETHOOKS\VS\DEBUG MSVCRT\TRAVERSE_THREADS.OBJ
X:\J\HOOKS\GETHOOKS\VS\DEBUG MSVCRT\TRAVERSE_THREADS__SUPPORT.OBJ
X:\J\HOOKS\GETHOOKS\VS\DEBUG MSVCRT\USAGE.OBJ
X:\J\HOOKS\GETHOOKS\VS\DEBUG MSVCRT\UTIL.OBJ
X:\j\hooks\gethooks\vs\Debug MSVCRT\vc100.idb
X:\J\HOOKS\GETHOOKS\VS\DEBUG MSVCRT\VC100.PDB
